This is pdfTeX, Version 3.141592653-2.6-1.40.23 (MiKTeX 21.10) (preloaded format=pdflatex 2021.10.26)  26 OCT 2021 18:57
entering extended mode
**D:/Work/TemaGenetici/document.tex
(D:/Work/TemaGenetici/document.tex
LaTeX2e <2021-06-01> patch level 1
L3 programming layer <2021-10-18>

! LaTeX Error: File `(.cls' not found.

Type X to quit or <RETURN> to proceed,
or enter new name. (Default extension: cls)

Enter file name: file

! LaTeX Error: File `file.cls' not found.

Type X to quit or <RETURN> to proceed,
or enter new name. (Default extension: cls)

Enter file name: file

! LaTeX Error: File `file.cls' not found.

Type X to quit or <RETURN> to proceed,
or enter new name. (Default extension: cls)

Enter file name: x

! Emergency stop.
<read *> 
         
l.1 \documentclass[11pt](a
                          rticle)
*** (cannot \read from terminal in nonstop modes)

 
Here is how much of TeX's memory you used:
 27 strings out of 478907
 505 string characters out of 2849995
 291417 words of memory out of 3000000
 18005 multiletter control sequences out of 15000+600000
 403430 words of font info for 27 fonts, out of 8000000 for 9000
 1141 hyphenation exceptions out of 8191
 23i,0n,34p,97b,18s stack positions out of 5000i,500n,10000p,200000b,80000s
!  ==> Fatal error occurred, no output PDF file produced!
